[INFO] [2016-11-29 21:51:32][org.springframework.beans.factory.xml.XmlBeanDefinitionReader]Loading XML bean definitions from class path resource [spring-mybatis.xml]
[INFO] [2016-11-29 21:51:32][org.springframework.context.support.GenericApplicationContext]Refreshing org.springframework.context.support.GenericApplicationContext@52e677af: startup date [Tue Nov 29 21:51:32 CST 2016]; root of context hierarchy
[INFO] [2016-11-29 21:51:32][org.springframework.beans.factory.config.PropertyPlaceholderConfigurer]Loading properties file from class path resource [jdbc.properties]
[INFO] [2016-11-29 21:51:32][org.springframework.beans.factory.annotation.AutowiredAnnotationBeanPostProcessor]JSR-330 'javax.inject.Inject' annotation found and supported for autowiring
[INFO] [2016-11-29 21:51:33][org.springframework.context.support.GenericApplicationContext]Closing org.springframework.context.support.GenericApplicationContext@52e677af: startup date [Tue Nov 29 21:51:32 CST 2016]; root of context hierarchy
[INFO] [2016-11-29 21:53:17][org.springframework.beans.factory.xml.XmlBeanDefinitionReader]Loading XML bean definitions from class path resource [spring-mybatis.xml]
[INFO] [2016-11-29 21:53:17][org.springframework.context.support.GenericApplicationContext]Refreshing org.springframework.context.support.GenericApplicationContext@52e677af: startup date [Tue Nov 29 21:53:17 CST 2016]; root of context hierarchy
[INFO] [2016-11-29 21:53:17][org.springframework.beans.factory.config.PropertyPlaceholderConfigurer]Loading properties file from class path resource [jdbc.properties]
[INFO] [2016-11-29 21:53:17][org.springframework.beans.factory.annotation.AutowiredAnnotationBeanPostProcessor]JSR-330 'javax.inject.Inject' annotation found and supported for autowiring
[INFO] [2016-11-29 21:53:18][org.springframework.context.support.GenericApplicationContext]Closing org.springframework.context.support.GenericApplicationContext@52e677af: startup date [Tue Nov 29 21:53:17 CST 2016]; root of context hierarchy
[INFO] [2016-11-29 21:55:34][org.springframework.beans.factory.xml.XmlBeanDefinitionReader]Loading XML bean definitions from class path resource [spring-mybatis.xml]
[INFO] [2016-11-29 21:55:35][org.springframework.context.support.GenericApplicationContext]Refreshing org.springframework.context.support.GenericApplicationContext@52e677af: startup date [Tue Nov 29 21:55:35 CST 2016]; root of context hierarchy
[INFO] [2016-11-29 21:55:35][org.springframework.beans.factory.config.PropertyPlaceholderConfigurer]Loading properties file from class path resource [jdbc.properties]
[INFO] [2016-11-29 21:55:35][org.springframework.beans.factory.annotation.AutowiredAnnotationBeanPostProcessor]JSR-330 'javax.inject.Inject' annotation found and supported for autowiring
[INFO] [2016-11-29 21:55:35][org.springframework.context.support.GenericApplicationContext]Closing org.springframework.context.support.GenericApplicationContext@52e677af: startup date [Tue Nov 29 21:55:35 CST 2016]; root of context hierarchy
[INFO] [2016-11-29 22:54:20][org.springframework.beans.factory.xml.XmlBeanDefinitionReader]Loading XML bean definitions from class path resource [spring-mybatis.xml]
[INFO] [2016-11-29 22:54:20][org.springframework.context.support.GenericApplicationContext]Refreshing org.springframework.context.support.GenericApplicationContext@8e0379d: startup date [Tue Nov 29 22:54:20 CST 2016]; root of context hierarchy
[INFO] [2016-11-29 22:54:20][org.springframework.beans.factory.config.PropertyPlaceholderConfigurer]Loading properties file from class path resource [jdbc.properties]
[INFO] [2016-11-29 22:54:20][org.springframework.beans.factory.annotation.AutowiredAnnotationBeanPostProcessor]JSR-330 'javax.inject.Inject' annotation found and supported for autowiring
[INFO] [2016-11-29 22:54:21][TestMyBatis][{"id":1,"name":"张三"}]
[INFO] [2016-11-29 22:54:21][org.springframework.context.support.GenericApplicationContext]Closing org.springframework.context.support.GenericApplicationContext@8e0379d: startup date [Tue Nov 29 22:54:20 CST 2016]; root of context hierarchy
